Info: Detected similar automatic match in addition to manual match:
- [YearlyGeneration { country: "AT", name: "FHKW Mellach", eic: "14W-WML-M1-----G", fuel: "gas", output: 0.0 }]
- [YearlyEmission { country: "AT", name: "Verbund FHKW Mellach", id: "EEW009:99", emissions: 1795.0, allocations: 8843.0, sigma: 0.0 }]
Info: Detected similar automatic match in addition to manual match:
- [YearlyGeneration { country: "DE", name: "KW Boxberg Block N", eic: "11WD8BOXB1L---N8", fuel: "lignite", output: 3677286.25 }, YearlyGeneration { country: "DE", name: "KW Boxberg Block P", eic: "11WD8BOXB1L---P4", fuel: "lignite", output: 3222208.25 }]
- [YearlyEmission { country: "DE", name: "Kraftwerk Boxberg Werk III", id: "14310-0915:1453", emissions: 7996566.0, allocations: 6054.0, sigma: 0.0 }]
Info: Detected similar automatic match in addition to manual match:
- [YearlyGeneration { country: "DE", name: "Irsching 5", eic: "11WD2IRG5000062N", fuel: "gas", output: 1693989.6899999923 }]
- [YearlyEmission { country: "DE", name: "Kraftwerk Irsching", id: "14310-0651:1207", emissions: 663669.0, allocations: 0.0, sigma: 0.0 }]
Info: Detected similar automatic match in addition to manual match:
- [YearlyGeneration { country: "DE", name: "Knapsack 1", eic: "11WD7KWKN-KW-EEN", fuel: "gas", output: 682597.3000000003 }]
- [YearlyEmission { country: "DE", name: "Gas und Dampfturbinen Kraftanlage Knapsack", id: "14310-1410:1888", emissions: 257312.0, allocations: 0.0, sigma: 0.0 }]
Info: Detected similar automatic match in addition to manual match:
- [YearlyGeneration { country: "ES", name: "ACECA4", eic: "18WACE4-12345-C3", fuel: "gas", output: 1319240.2999999977 }]
- [YearlyEmission { country: "ES", name: "CCC-Aceca", id: "ES074501000404:325", emissions: 522261.0, allocations: 0.0, sigma: 0.0 }]
Info: Detected similar automatic match in addition to manual match:
- [YearlyGeneration { country: "ES", name: "BESOS 4", eic: "18WBES4-12345-CY", fuel: "gas", output: 1715330.3999999964 }]
- [YearlyEmission { country: "ES", name: "CCC - Besos", id: "ES080801000516:432", emissions: 648316.0, allocations: 0.0, sigma: 0.0 }]
Info: Detected similar automatic match in addition to manual match:
- [YearlyGeneration { country: "ES", name: "S.ROQUE 1", eic: "18WSROQ1-1234-CJ", fuel: "gas", output: 357563.4000000004 }]
- [YearlyEmission { country: "ES", name: "CCC.- San Roque 1", id: "ES011101000050:48", emissions: 148499.0, allocations: 0.0, sigma: 0.0 }]
Info: Detected similar automatic match in addition to manual match:
- [YearlyGeneration { country: "FI", name: "Vaskiluoto B3", eic: "44W-T-LV-1000078", fuel: "oil", output: 0.0 }]
- [YearlyEmission { country: "FI", name: "Vaskiluoto 3-voimalaitos", id: "FI-60831104:4", emissions: 0.0, allocations: 0.0, sigma: 0.0 }]
Info: Detected similar automatic match in addition to manual match:
- [YearlyGeneration { country: "FR", name: "EMILE HUCHET 6", eic: "17W100P100P0005Z", fuel: "coal", output: 1001755.0 }]
- [YearlyEmission { country: "FR", name: "Gazel Energie Generation - Centrale Emile Huchet", id: "06207853:1133", emissions: 914017.0, allocations: 0.0, sigma: 0.0 }]
Info: Detected similar automatic match in addition to manual match:
- [YearlyGeneration { country: "IE", name: "Huntstown CCGT Unit 1", eic: "47W000000000095C", fuel: "gas", output: 1008885.0899999999 }]
- [YearlyEmission { country: "IE", name: "Huntstown Power Station", id: "IE-GHG080:62", emissions: 735149.0, allocations: 0.0, sigma: 0.0 }]
Info: Detected similar automatic match in addition to manual match:
- [YearlyGeneration { country: "NL", name: "Rijnmond REC-A", eic: "49W0000000001136", fuel: "gas", output: 349419.1200000003 }, YearlyGeneration { country: "NL", name: "Rijnmond REC-B", eic: "49W0000000001144", fuel: "gas", output: 300363.5000000002 }, YearlyGeneration { country: "NL", name: "Rijnmond REC-X", eic: "49W0000000001152", fuel: "gas", output: 327746.2499999999 }]
- [YearlyEmission { country: "NL", name: "EP NL Rijnmond 1 B.V.", id: "NL-200400241:189", emissions: 374973.0, allocations: 0.0, sigma: 0.0 }]
