Info: Detected similar automatic match in addition to manual match:
- [YearlyGeneration { country: "AT", name: "FHKW Mellach", eic: "14W-WML-M1-----G", fuel: "coal", output: 345964.27000000083 }]
- [YearlyEmission { country: "AT", name: "Verbund FHKW Mellach", id: "EEW009:99", emissions: 371094.0, allocations: 41942.0, sigma: 0.0 }]
Info: Detected similar automatic match in addition to manual match:
- [YearlyGeneration { country: "DE", name: "KW Boxberg Block N", eic: "11WD8BOXB1L---N8", fuel: "lignite", output: 3104057.25 }, YearlyGeneration { country: "DE", name: "KW Boxberg Block P", eic: "11WD8BOXB1L---P4", fuel: "lignite", output: 2500329.25 }]
- [YearlyEmission { country: "DE", name: "Kraftwerk Boxberg Werk III", id: "14310-0915:1453", emissions: 6648578.0, allocations: 3458.0, sigma: 0.0 }]
Info: Detected similar automatic match in addition to manual match:
- [YearlyGeneration { country: "DE", name: "Irsching 3", eic: "11WD2IRG30000606", fuel: "gas", output: 11573.84 }, YearlyGeneration { country: "DE", name: "Irsching 5", eic: "11WD2IRG5000062N", fuel: "gas", output: 1042808.9400000022 }]
- [YearlyEmission { country: "DE", name: "Kraftwerk Irsching", id: "14310-0651:1207", emissions: 383913.0, allocations: 875.0, sigma: 0.0 }]
Info: Detected similar automatic match in addition to manual match:
- [YearlyGeneration { country: "DE", name: "Knapsack 1", eic: "11WD7KWKN-KW-EEN", fuel: "gas", output: 2708426.6999999965 }]
- [YearlyEmission { country: "DE", name: "Gas und Dampfturbinen Kraftanlage Knapsack", id: "14310-1410:1888", emissions: 957000.0, allocations: 0.0, sigma: 0.0 }]
Info: Detected similar automatic match in addition to manual match:
- [YearlyGeneration { country: "ES", name: "ACECA4", eic: "18WACE4-12345-C3", fuel: "gas", output: 1316576.899999996 }]
- [YearlyEmission { country: "ES", name: "CCC-Aceca", id: "ES074501000404:325", emissions: 523229.0, allocations: 0.0, sigma: 0.0 }]
Info: Detected similar automatic match in addition to manual match:
- [YearlyGeneration { country: "ES", name: "BESOS 4", eic: "18WBES4-12345-CY", fuel: "gas", output: 1845698.4999999872 }]
- [YearlyEmission { country: "ES", name: "CCC - Besos", id: "ES080801000516:432", emissions: 691601.0, allocations: 0.0, sigma: 0.0 }]
Info: Detected similar automatic match in addition to manual match:
- [YearlyGeneration { country: "ES", name: "S.ROQUE 1", eic: "18WSROQ1-1234-CJ", fuel: "gas", output: 1048157.2000000016 }]
- [YearlyEmission { country: "ES", name: "CCC.- San Roque 1", id: "ES011101000050:48", emissions: 416812.0, allocations: 0.0, sigma: 0.0 }]
Info: Detected similar automatic match in addition to manual match:
- [YearlyGeneration { country: "FI", name: "Vaskiluoto B3", eic: "44W-T-LV-1000078", fuel: "oil", output: 0.0 }]
- [YearlyEmission { country: "FI", name: "Vaskiluoto 3-voimalaitos", id: "FI-60831104:4", emissions: 0.0, allocations: 0.0, sigma: 0.0 }]
Info: Detected similar automatic match in addition to manual match:
- [YearlyGeneration { country: "IE", name: "Huntstown CCGT Unit 1", eic: "47W000000000095C", fuel: "gas", output: 1592129.634999981 }]
- [YearlyEmission { country: "IE", name: "Huntstown Power Station", id: "IE-GHG080:62", emissions: 657649.0, allocations: 0.0, sigma: 0.0 }]
Info: Detected similar automatic match in addition to manual match:
- [YearlyGeneration { country: "NL", name: "Rijnmond 1", eic: "49W0000000001136", fuel: "gas", output: 2985301.919999968 }]
- [YearlyEmission { country: "NL", name: "EP NL Rijnmond 1 B.V.", id: "NL-200400241:189", emissions: 1103148.0, allocations: 0.0, sigma: 0.0 }]
Info: Detected similar automatic match in addition to manual match:
- [YearlyGeneration { country: "PL", name: "Stalowa Wola 3 B7", eic: "19W000000000194S", fuel: "coal", output: 136188.7200000001 }, YearlyGeneration { country: "PL", name: "Stalowa Wola 3 B8", eic: "19W000000000196O", fuel: "coal", output: 40986.80999999995 }]
- [YearlyEmission { country: "PL", name: "TAURON Wytwarzanie SA O. Elektrownia Stalowa Wola", id: "PL-0008-05:8", emissions: 221328.0, allocations: 36984.0, sigma: 0.0 }]
